07-21 18:42:35 com_github_MitjaNemec_PlaceFootprints.action_place_footprints 647:Plugin executed on: 'win32'
07-21 18:42:35 com_github_MitjaNemec_PlaceFootprints.action_place_footprints 648:Plugin executed with python version: '3.11.5 (main, Jul 16 2024, 08:01:06) [MSC v.1939 64 bit (AMD64)]'
07-21 18:42:35 com_github_MitjaNemec_PlaceFootprints.action_place_footprints 649:KiCad build version: 8.0.4
07-21 18:42:35 com_github_MitjaNemec_PlaceFootprints.action_place_footprints 650:Plugin version: 3.0.0
07-21 18:42:35 com_github_MitjaNemec_PlaceFootprints.action_place_footprints 651:Frame repr: <wx._core.Frame object at 0x000001B32E81C9D0>
07-21 18:42:35 com_github_MitjaNemec_PlaceFootprints.place_footprints 121:getting a list of all footprints on board
07-21 18:42:35 com_github_MitjaNemec_PlaceFootprints.place_footprints 156:Footprint D9 on root level
07-21 18:42:35 com_github_MitjaNemec_PlaceFootprints.place_footprints 156:Footprint D8 on root level
07-21 18:42:35 com_github_MitjaNemec_PlaceFootprints.place_footprints 156:Footprint D7 on root level
07-21 18:42:35 com_github_MitjaNemec_PlaceFootprints.place_footprints 156:Footprint D6 on root level
07-21 18:42:35 com_github_MitjaNemec_PlaceFootprints.place_footprints 156:Footprint D5 on root level
07-21 18:42:35 com_github_MitjaNemec_PlaceFootprints.place_footprints 156:Footprint D4 on root level
07-21 18:42:35 com_github_MitjaNemec_PlaceFootprints.place_footprints 156:Footprint D3 on root level
07-21 18:42:35 com_github_MitjaNemec_PlaceFootprints.place_footprints 156:Footprint D2 on root level
07-21 18:42:35 com_github_MitjaNemec_PlaceFootprints.place_footprints 156:Footprint H5 on root level
07-21 18:42:35 com_github_MitjaNemec_PlaceFootprints.place_footprints 156:Footprint H2 on root level
07-21 18:42:35 com_github_MitjaNemec_PlaceFootprints.place_footprints 156:Footprint BRD1 on root level
07-21 18:42:35 com_github_MitjaNemec_PlaceFootprints.place_footprints 156:Footprint H3 on root level
07-21 18:42:35 com_github_MitjaNemec_PlaceFootprints.place_footprints 156:Footprint H1 on root level
07-21 18:42:35 com_github_MitjaNemec_PlaceFootprints.place_footprints 156:Footprint U1 on root level
07-21 18:42:35 com_github_MitjaNemec_PlaceFootprints.place_footprints 156:Footprint H6 on root level
07-21 18:42:35 com_github_MitjaNemec_PlaceFootprints.place_footprints 156:Footprint H4 on root level
