03-11 23:22:51 com_github_MitjaNemec_PlaceFootprints.action_place_footprints 647:Plugin executed on: 'win32'
03-11 23:22:51 com_github_MitjaNemec_PlaceFootprints.action_place_footprints 648:Plugin executed with python version: '3.11.5 (main, Jan 19 2024, 08:13:45) [MSC v.1936 64 bit (AMD64)]'
03-11 23:22:51 com_github_MitjaNemec_PlaceFootprints.action_place_footprints 649:KiCad build version: 8.0.0
03-11 23:22:51 com_github_MitjaNemec_PlaceFootprints.action_place_footprints 650:Plugin version: 3.0.0
03-11 23:22:51 com_github_MitjaNemec_PlaceFootprints.action_place_footprints 651:Frame repr: <wx._core.Frame object at 0x000001D927968790>
03-11 23:22:51 com_github_MitjaNemec_PlaceFootprints.place_footprints 121:getting a list of all footprints on board
03-11 23:22:51 com_github_MitjaNemec_PlaceFootprints.place_footprints 156:Footprint J22 on root level
03-11 23:22:51 com_github_MitjaNemec_PlaceFootprints.place_footprints 156:Footprint J12 on root level
03-11 23:22:51 com_github_MitjaNemec_PlaceFootprints.place_footprints 156:Footprint U1 on root level
03-11 23:22:51 com_github_MitjaNemec_PlaceFootprints.place_footprints 156:Footprint U4 on root level
03-11 23:22:51 com_github_MitjaNemec_PlaceFootprints.place_footprints 156:Footprint U8 on root level
03-11 23:22:51 com_github_MitjaNemec_PlaceFootprints.place_footprints 156:Footprint U10 on root level
03-11 23:22:51 com_github_MitjaNemec_PlaceFootprints.place_footprints 156:Footprint K4 on root level
03-11 23:22:51 com_github_MitjaNemec_PlaceFootprints.place_footprints 156:Footprint H1 on root level
03-11 23:22:51 com_github_MitjaNemec_PlaceFootprints.place_footprints 156:Footprint U3 on root level
03-11 23:22:51 com_github_MitjaNemec_PlaceFootprints.place_footprints 156:Footprint H8 on root level
03-11 23:22:51 com_github_MitjaNemec_PlaceFootprints.place_footprints 156:Footprint D2 on root level
03-11 23:22:51 com_github_MitjaNemec_PlaceFootprints.place_footprints 156:Footprint J6 on root level
03-11 23:22:51 com_github_MitjaNemec_PlaceFootprints.place_footprints 156:Footprint J5 on root level
03-11 23:22:51 com_github_MitjaNemec_PlaceFootprints.place_footprints 156:Footprint H1 on root level
03-11 23:22:51 com_github_MitjaNemec_PlaceFootprints.place_footprints 156:Footprint U9 on root level
03-11 23:22:51 com_github_MitjaNemec_PlaceFootprints.place_footprints 156:Footprint U15 on root level
03-11 23:22:51 com_github_MitjaNemec_PlaceFootprints.place_footprints 156:Footprint C3 on root level
03-11 23:22:51 com_github_MitjaNemec_PlaceFootprints.place_footprints 156:Footprint C2 on root level
03-11 23:22:51 com_github_MitjaNemec_PlaceFootprints.place_footprints 156:Footprint U12 on root level
03-11 23:22:51 com_github_MitjaNemec_PlaceFootprints.place_footprints 156:Footprint H2 on root level
03-11 23:22:51 com_github_MitjaNemec_PlaceFootprints.place_footprints 156:Footprint U16 on root level
03-11 23:22:51 com_github_MitjaNemec_PlaceFootprints.place_footprints 156:Footprint J9 on root level
03-11 23:22:51 com_github_MitjaNemec_PlaceFootprints.place_footprints 156:Footprint R12 on root level
03-11 23:22:51 com_github_MitjaNemec_PlaceFootprints.place_footprints 156:Footprint J11 on root level
03-11 23:22:51 com_github_MitjaNemec_PlaceFootprints.place_footprints 156:Footprint TP1 on root level
03-11 23:22:51 com_github_MitjaNemec_PlaceFootprints.place_footprints 156:Footprint J2 on root level
03-11 23:22:51 com_github_MitjaNemec_PlaceFootprints.place_footprints 156:Footprint U11 on root level
03-11 23:22:51 com_github_MitjaNemec_PlaceFootprints.place_footprints 156:Footprint TP2 on root level
03-11 23:22:51 com_github_MitjaNemec_PlaceFootprints.place_footprints 156:Footprint U14 on root level
03-11 23:22:51 com_github_MitjaNemec_PlaceFootprints.place_footprints 156:Footprint D4 on root level
03-11 23:22:51 com_github_MitjaNemec_PlaceFootprints.place_footprints 156:Footprint C1 on root level
03-11 23:22:51 com_github_MitjaNemec_PlaceFootprints.place_footprints 156:Footprint U13 on root level
03-11 23:22:51 com_github_MitjaNemec_PlaceFootprints.place_footprints 156:Footprint U6 on root level
03-11 23:22:51 com_github_MitjaNemec_PlaceFootprints.place_footprints 156:Footprint H3 on root level
03-11 23:22:51 com_github_MitjaNemec_PlaceFootprints.place_footprints 156:Footprint R2 on root level
03-11 23:22:51 com_github_MitjaNemec_PlaceFootprints.place_footprints 156:Footprint U2 on root level
03-11 23:22:51 com_github_MitjaNemec_PlaceFootprints.place_footprints 156:Footprint U7 on root level
03-11 23:22:51 com_github_MitjaNemec_PlaceFootprints.place_footprints 156:Footprint J4 on root level
03-11 23:22:51 com_github_MitjaNemec_PlaceFootprints.place_footprints 156:Footprint H4 on root level
03-11 23:22:51 com_github_MitjaNemec_PlaceFootprints.place_footprints 156:Footprint D3 on root level
03-11 23:22:51 com_github_MitjaNemec_PlaceFootprints.place_footprints 156:Footprint J3 on root level
03-11 23:22:51 com_github_MitjaNemec_PlaceFootprints.place_footprints 156:Footprint U17 on root level
03-11 23:22:51 com_github_MitjaNemec_PlaceFootprints.place_footprints 156:Footprint R13 on root level
03-11 23:22:51 com_github_MitjaNemec_PlaceFootprints.place_footprints 156:Footprint K2 on root level
03-11 23:22:51 com_github_MitjaNemec_PlaceFootprints.place_footprints 156:Footprint BRD_15x1 on root level
03-11 23:22:51 com_github_MitjaNemec_PlaceFootprints.place_footprints 156:Footprint U5 on root level
03-11 23:22:51 com_github_MitjaNemec_PlaceFootprints.place_footprints 156:Footprint J13 on root level
03-11 23:22:51 com_github_MitjaNemec_PlaceFootprints.place_footprints 156:Footprint R11 on root level
03-11 23:22:51 com_github_MitjaNemec_PlaceFootprints.place_footprints 156:Footprint H5 on root level
03-11 23:22:51 com_github_MitjaNemec_PlaceFootprints.place_footprints 156:Footprint K1 on root level
03-11 23:22:51 com_github_MitjaNemec_PlaceFootprints.place_footprints 156:Footprint SW5 on root level
03-11 23:22:51 com_github_MitjaNemec_PlaceFootprints.place_footprints 156:Footprint H7 on root level
03-11 23:22:51 com_github_MitjaNemec_PlaceFootprints.place_footprints 156:Footprint J10 on root level
03-11 23:22:51 com_github_MitjaNemec_PlaceFootprints.place_footprints 156:Footprint U18 on root level
03-11 23:22:51 com_github_MitjaNemec_PlaceFootprints.place_footprints 156:Footprint J8 on root level
03-11 23:22:51 com_github_MitjaNemec_PlaceFootprints.place_footprints 156:Footprint D1 on root level
03-11 23:22:51 com_github_MitjaNemec_PlaceFootprints.place_footprints 156:Footprint K5 on root level
03-11 23:22:51 com_github_MitjaNemec_PlaceFootprints.place_footprints 156:Footprint TP1 on root level
03-11 23:22:51 com_github_MitjaNemec_PlaceFootprints.place_footprints 156:Footprint K3 on root level
03-11 23:22:51 com_github_MitjaNemec_PlaceFootprints.place_footprints 156:Footprint H6 on root level
03-11 23:22:51 com_github_MitjaNemec_PlaceFootprints.place_footprints 156:Footprint R1 on root level
03-11 23:22:52 com_github_MitjaNemec_PlaceFootprints.action_place_footprints 830:Reference designator is: D
03-11 23:22:52 com_github_MitjaNemec_PlaceFootprints.action_place_footprints 831:Reference number is: 6
03-11 23:22:52 com_github_MitjaNemec_PlaceFootprints.action_place_footprints 863:Sorted and filtered list:
['D1', 'D2', 'D3', 'D4', 'D5', 'D6', 'D7', 'D8', 'D9', 'D10', 'D11', 'D12', 'D13', 'D14', 'D15', 'D16', 'D17', 'D18', 'D19', 'D20', 'D21', 'D22', 'D23', 'D24', 'D25', 'D26', 'D27', 'D28', 'D29']
03-11 23:22:52 com_github_MitjaNemec_PlaceFootprints.action_place_footprints 359:wx.Colour(240, 240, 240, 255)
03-11 23:23:06 com_github_MitjaNemec_PlaceFootprints.action_place_footprints 490:'50'
03-11 23:23:06 com_github_MitjaNemec_PlaceFootprints.action_place_footprints 542:Preparing config for reference circular
03-11 23:23:06 com_github_MitjaNemec_PlaceFootprints.action_place_footprints 556:Saving config file
03-11 23:23:06 com_github_MitjaNemec_PlaceFootprints.action_place_footprints 558:Saved the config file
03-11 23:23:06 com_github_MitjaNemec_PlaceFootprints.action_place_footprints 901:Footprints to place:
['D6', 'D7', 'D8', 'D9', 'D10', 'D11', 'D12', 'D13', 'D14', 'D15', 'D16', 'D17', 'D18', 'D19', 'D20', 'D21', 'D22', 'D23', 'D24', 'D25', 'D26', 'D27', 'D28', 'D29']
03-11 23:23:06 com_github_MitjaNemec_PlaceFootprints.place_footprints 330:Starting placing with circular layout
03-11 23:23:06 com_github_MitjaNemec_PlaceFootprints.place_footprints 340:reference footprint position at: VECTOR2I(603160000, 181750000)
03-11 23:23:06 com_github_MitjaNemec_PlaceFootprints.place_footprints 345:rotation center at: (603160000, 231750000.0)
03-11 23:23:06 com_github_MitjaNemec_PlaceFootprints.place_footprints 477:Text of: D6 has property "Keep upright" rotation might not look as intended
03-11 23:23:06 com_github_MitjaNemec_PlaceFootprints.place_footprints 477:Text of: D6 has property "Keep upright" rotation might not look as intended
03-11 23:23:06 com_github_MitjaNemec_PlaceFootprints.place_footprints 477:Text of: D6 has property "Keep upright" rotation might not look as intended
03-11 23:23:06 com_github_MitjaNemec_PlaceFootprints.place_footprints 477:Text of: D6 has property "Keep upright" rotation might not look as intended
03-11 23:23:06 com_github_MitjaNemec_PlaceFootprints.place_footprints 477:Text of: D6 has property "Keep upright" rotation might not look as intended
03-11 23:23:06 com_github_MitjaNemec_PlaceFootprints.place_footprints 477:Text of: D6 has property "Keep upright" rotation might not look as intended
03-11 23:23:06 com_github_MitjaNemec_PlaceFootprints.place_footprints 477:Text of: D6 has property "Keep upright" rotation might not look as intended
03-11 23:23:06 com_github_MitjaNemec_PlaceFootprints.place_footprints 477:Text of: D6 has property "Keep upright" rotation might not look as intended
03-11 23:23:06 com_github_MitjaNemec_PlaceFootprints.place_footprints 477:Text of: D6 has property "Keep upright" rotation might not look as intended
03-11 23:23:06 com_github_MitjaNemec_PlaceFootprints.place_footprints 477:Text of: D6 has property "Keep upright" rotation might not look as intended
03-11 23:23:06 com_github_MitjaNemec_PlaceFootprints.place_footprints 477:Text of: D6 has property "Keep upright" rotation might not look as intended
03-11 23:23:06 com_github_MitjaNemec_PlaceFootprints.place_footprints 477:Text of: D6 has property "Keep upright" rotation might not look as intended
03-11 23:23:06 com_github_MitjaNemec_PlaceFootprints.place_footprints 477:Text of: D6 has property "Keep upright" rotation might not look as intended
03-11 23:23:06 com_github_MitjaNemec_PlaceFootprints.place_footprints 477:Text of: D6 has property "Keep upright" rotation might not look as intended
03-11 23:23:06 com_github_MitjaNemec_PlaceFootprints.place_footprints 477:Text of: D6 has property "Keep upright" rotation might not look as intended
03-11 23:23:06 com_github_MitjaNemec_PlaceFootprints.place_footprints 477:Text of: D6 has property "Keep upright" rotation might not look as intended
03-11 23:23:06 com_github_MitjaNemec_PlaceFootprints.place_footprints 477:Text of: D6 has property "Keep upright" rotation might not look as intended
03-11 23:23:06 com_github_MitjaNemec_PlaceFootprints.place_footprints 477:Text of: D6 has property "Keep upright" rotation might not look as intended
03-11 23:23:06 com_github_MitjaNemec_PlaceFootprints.place_footprints 477:Text of: D6 has property "Keep upright" rotation might not look as intended
03-11 23:23:06 com_github_MitjaNemec_PlaceFootprints.place_footprints 477:Text of: D6 has property "Keep upright" rotation might not look as intended
03-11 23:23:06 com_github_MitjaNemec_PlaceFootprints.place_footprints 477:Text of: D6 has property "Keep upright" rotation might not look as intended
03-11 23:23:06 com_github_MitjaNemec_PlaceFootprints.place_footprints 477:Text of: D6 has property "Keep upright" rotation might not look as intended
03-11 23:23:06 com_github_MitjaNemec_PlaceFootprints.place_footprints 477:Text of: D6 has property "Keep upright" rotation might not look as intended
03-11 23:23:06 com_github_MitjaNemec_PlaceFootprints.place_footprints 477:Text of: D6 has property "Keep upright" rotation might not look as intended
03-11 23:23:06 com_github_MitjaNemec_PlaceFootprints.place_footprints 477:Text of: D6 has property "Keep upright" rotation might not look as intended
03-11 23:23:06 com_github_MitjaNemec_PlaceFootprints.place_footprints 477:Text of: D6 has property "Keep upright" rotation might not look as intended
03-11 23:23:06 com_github_MitjaNemec_PlaceFootprints.place_footprints 477:Text of: D6 has property "Keep upright" rotation might not look as intended
03-11 23:23:06 com_github_MitjaNemec_PlaceFootprints.place_footprints 477:Text of: D6 has property "Keep upright" rotation might not look as intended
03-11 23:23:06 com_github_MitjaNemec_PlaceFootprints.place_footprints 477:Text of: D6 has property "Keep upright" rotation might not look as intended
03-11 23:23:06 com_github_MitjaNemec_PlaceFootprints.place_footprints 477:Text of: D6 has property "Keep upright" rotation might not look as intended
03-11 23:23:06 com_github_MitjaNemec_PlaceFootprints.place_footprints 477:Text of: D6 has property "Keep upright" rotation might not look as intended
03-11 23:23:06 com_github_MitjaNemec_PlaceFootprints.place_footprints 477:Text of: D6 has property "Keep upright" rotation might not look as intended
03-11 23:23:06 com_github_MitjaNemec_PlaceFootprints.place_footprints 477:Text of: D6 has property "Keep upright" rotation might not look as intended
03-11 23:23:06 com_github_MitjaNemec_PlaceFootprints.place_footprints 477:Text of: D6 has property "Keep upright" rotation might not look as intended
03-11 23:23:06 com_github_MitjaNemec_PlaceFootprints.place_footprints 477:Text of: D6 has property "Keep upright" rotation might not look as intended
03-11 23:23:06 com_github_MitjaNemec_PlaceFootprints.place_footprints 477:Text of: D6 has property "Keep upright" rotation might not look as intended
03-11 23:23:06 com_github_MitjaNemec_PlaceFootprints.place_footprints 477:Text of: D6 has property "Keep upright" rotation might not look as intended
03-11 23:23:06 com_github_MitjaNemec_PlaceFootprints.place_footprints 477:Text of: D6 has property "Keep upright" rotation might not look as intended
03-11 23:23:06 com_github_MitjaNemec_PlaceFootprints.place_footprints 477:Text of: D6 has property "Keep upright" rotation might not look as intended
03-11 23:23:06 com_github_MitjaNemec_PlaceFootprints.place_footprints 477:Text of: D6 has property "Keep upright" rotation might not look as intended
03-11 23:23:06 com_github_MitjaNemec_PlaceFootprints.place_footprints 477:Text of: D6 has property "Keep upright" rotation might not look as intended
03-11 23:23:06 com_github_MitjaNemec_PlaceFootprints.place_footprints 477:Text of: D6 has property "Keep upright" rotation might not look as intended
03-11 23:23:06 com_github_MitjaNemec_PlaceFootprints.place_footprints 477:Text of: D6 has property "Keep upright" rotation might not look as intended
03-11 23:23:06 com_github_MitjaNemec_PlaceFootprints.place_footprints 477:Text of: D6 has property "Keep upright" rotation might not look as intended
03-11 23:23:06 com_github_MitjaNemec_PlaceFootprints.place_footprints 477:Text of: D6 has property "Keep upright" rotation might not look as intended
03-11 23:23:06 com_github_MitjaNemec_PlaceFootprints.place_footprints 477:Text of: D6 has property "Keep upright" rotation might not look as intended
03-11 23:23:06 com_github_MitjaNemec_PlaceFootprints.action_place_footprints 916:Placing complete
